-------------------------------------------------------------------
server started on port:8002
-------------------------------------------------------------------
=-======================
2019-08-23 12:57:08 : authorization sql
2019-08-23 12:57:08 : admin id :522
2019-08-23 12:57:10 : authorization sql
2019-08-23 12:57:10 : admin id :583
2019-08-23 12:57:10 : authorization sql
2019-08-23 12:57:10 : admin id :529
2019-08-23 12:57:10 : authorization sql
2019-08-23 12:57:10 : admin id :547
2019-08-23 12:57:13 : authorization sql
2019-08-23 12:57:13 : admin id :620
2019-08-23 12:57:13 : authorization sql
2019-08-23 12:57:13 : admin id :622
2019-08-23 12:58:24 : URIError: URI malformed
2019-08-23 12:58:24 :  nosession 1566536304540
2019-08-23 12:59:34 : authorization sql
2019-08-23 12:59:34 : admin id :201
2019-08-23 12:59:34 :  login in
2019-08-23 13:00:55 : authorization sql
2019-08-23 13:00:55 : admin id :217
2019-08-23 13:00:55 :  login in
2019-08-23 13:03:41 : URIError: URI malformed
2019-08-23 13:03:41 :  nosession 1566536621738
2019-08-23 13:03:58 : authorization sql
2019-08-23 13:03:58 : admin id :547
2019-08-23 13:03:58 :  login in
2019-08-23 13:04:16 : authorization sql
2019-08-23 13:04:16 : admin id :201
2019-08-23 13:04:16 :  login in
2019-08-23 13:04:24 : authorization sql
2019-08-23 13:04:24 : admin id :201
2019-08-23 13:04:24 :  login in
2019-08-23 13:07:38 : authorization sql
2019-08-23 13:07:38 : admin id :201
2019-08-23 13:07:38 :  login in
2019-08-23 13:08:39 : authorization sql
2019-08-23 13:08:39 : admin id :201
2019-08-23 13:08:39 :  login in
